{
  "LogId": "2e4028b3-c470-45d4-855d-85c71516ffef",
  "Node": "DotNetWebAPI",
  "ClientIP": "",
  "TraceId": "0HMUPOK8RFGUE:00000001",
  "Request": {
    "DateTime": "2023-10-31T12:54:23.284+09:00",
    "DateTimeActionLevel": "2023-10-31T12:54:23.325397+09:00",
    "Path": "/WeatherForecast",
    "Query": "",
    "Queries": [],
    "Method": "GET",
    "Scheme": "http",
    "Host": "localhost:5000",
    "Headers": {
      "Accept": "text/html,application/xhtml+xml,application/xml;q=0.9,image/avif,image/webp,image/apng,*/*;q=0.8,application/signed-exchange;v=b3;q=0.7",
      "Connection": "keep-alive",
      "Host": "localhost:5000",
      "User-Agent": "Mozilla/5.0 (Windows NT 10.0; Win64; x64) AppleWebKit/537.36 (KHTML, like Gecko) Chrome/118.0.0.0 Safari/537.36",
      "Accept-Encoding": "gzip, deflate, br",
      "Accept-Language": "ko-KR,ko;q=0.9,en-US;q=0.8,en;q=0.7",
      "Cache-Control": "max-age=0",
      "Upgrade-Insecure-Requests": "1",
      "sec-ch-ua": "\"Chromium\";v=\"118\", \"Google Chrome\";v=\"118\", \"Not=A?Brand\";v=\"99\"",
      "sec-ch-ua-mobile": "?0",
      "sec-ch-ua-platform": "\"Windows\"",
      "Sec-Fetch-Site": "none",
      "Sec-Fetch-Mode": "navigate",
      "Sec-Fetch-User": "?1",
      "Sec-Fetch-Dest": "document"
    },
    "Body": "",
    "ContentType": null
  },
  "Response": {
    "DateTime": "2023-10-31T12:54:23.376+09:00",
    "DateTimeActionLevel": "2023-10-31T12:54:23.3268327+09:00",
    "Status": "200",
    "Headers": {
      "Content-Type": "application/json; charset=utf-8",
      "Date": "Tue, 31 Oct 2023 03:54:22 GMT",
      "Server": "Kestrel",
      "Transfer-Encoding": "chunked"
    },
    "Body": "[{\"date\":\"2023-11-01\",\"temperatureC\":19,\"temperatureF\":66,\"summary\":\"Mild\"},{\"date\":\"2023-11-02\",\"temperatureC\":-5,\"temperatureF\":24,\"summary\":\"Bracing\"},{\"date\":\"2023-11-03\",\"temperatureC\":-7,\"temperatureF\":20,\"summary\":\"Hot\"},{\"date\":\"2023-11-04\",\"temperatureC\":33,\"temperatureF\":91,\"summary\":\"Scorching\"},{\"date\":\"2023-11-05\",\"temperatureC\":-5,\"temperatureF\":24,\"summary\":\"Cool\"}]",
    "ContentType": "application/json; charset=utf-8"
  },
  "Exception": {
    "IsActionLevel": false,
    "Source": null,
    "Message": null,
    "StackTrace": null
  }
}
{
  "LogId": "d5eaec4c-57a1-4df2-b78f-1e3df7ae1095",
  "Node": "DotNetWebAPI",
  "ClientIP": "",
  "TraceId": "0HMUPOKQGLV42:00000001",
  "Request": {
    "DateTime": "2023-10-31T12:55:22.559+09:00",
    "DateTimeActionLevel": "2023-10-31T12:55:22.5946889+09:00",
    "Path": "/WeatherForecast",
    "Query": "",
    "Queries": [],
    "Method": "GET",
    "Scheme": "http",
    "Host": "localhost:5000",
    "Headers": {
      "Accept": "text/html,application/xhtml+xml,application/xml;q=0.9,image/avif,image/webp,image/apng,*/*;q=0.8,application/signed-exchange;v=b3;q=0.7",
      "Connection": "keep-alive",
      "Host": "localhost:5000",
      "User-Agent": "Mozilla/5.0 (Windows NT 10.0; Win64; x64) AppleWebKit/537.36 (KHTML, like Gecko) Chrome/118.0.0.0 Safari/537.36",
      "Accept-Encoding": "gzip, deflate, br",
      "Accept-Language": "ko-KR,ko;q=0.9,en-US;q=0.8,en;q=0.7",
      "Cache-Control": "max-age=0",
      "Upgrade-Insecure-Requests": "1",
      "sec-ch-ua": "\"Chromium\";v=\"118\", \"Google Chrome\";v=\"118\", \"Not=A?Brand\";v=\"99\"",
      "sec-ch-ua-mobile": "?0",
      "sec-ch-ua-platform": "\"Windows\"",
      "Sec-Fetch-Site": "none",
      "Sec-Fetch-Mode": "navigate",
      "Sec-Fetch-User": "?1",
      "Sec-Fetch-Dest": "document"
    },
    "Body": "",
    "ContentType": null
  },
  "Response": {
    "DateTime": "2023-10-31T12:55:22.645+09:00",
    "DateTimeActionLevel": "2023-10-31T12:55:22.595+09:00",
    "Status": "200",
    "Headers": {
      "Content-Type": "application/json; charset=utf-8",
      "Date": "Tue, 31 Oct 2023 03:55:22 GMT",
      "Server": "Kestrel",
      "Transfer-Encoding": "chunked"
    },
    "Body": "[{\"date\":\"2023-11-01\",\"temperatureC\":44,\"temperatureF\":111,\"summary\":\"Cool\"},{\"date\":\"2023-11-02\",\"temperatureC\":-18,\"temperatureF\":0,\"summary\":\"Chilly\"},{\"date\":\"2023-11-03\",\"temperatureC\":28,\"temperatureF\":82,\"summary\":\"Balmy\"},{\"date\":\"2023-11-04\",\"temperatureC\":19,\"temperatureF\":66,\"summary\":\"Bracing\"},{\"date\":\"2023-11-05\",\"temperatureC\":-14,\"temperatureF\":7,\"summary\":\"Scorching\"}]",
    "ContentType": "application/json; charset=utf-8"
  },
  "Exception": {
    "IsActionLevel": false,
    "Source": null,
    "Message": null,
    "StackTrace": null
  }
}
{
  "LogId": "7495ea38-9fef-4c54-a688-64a06fef1f38",
  "Node": "DotNetWebAPI",
  "ClientIP": "",
  "TraceId": "0HMUPTAETS649:00000001",
  "Request": {
    "DateTime": "2023-10-31T17:24:18.261+09:00",
    "DateTimeActionLevel": null,
    "Path": "/swagger/v1/swagger.json",
    "Query": "",
    "Queries": [],
    "Method": "OPTIONS",
    "Scheme": "http",
    "Host": "localhost:5000",
    "Headers": {
      "Accept": "*/*",
      "Connection": "keep-alive",
      "Host": "localhost:5000",
      "User-Agent": "Mozilla/5.0 (Windows NT 10.0; Win64; x64) AppleWebKit/537.36 (KHTML, like Gecko) Chrome/118.0.0.0 Safari/537.36",
      "Accept-Encoding": "gzip, deflate, br",
      "Accept-Language": "ko-KR,ko;q=0.9,en-US;q=0.8,en;q=0.7",
      "Access-Control-Request-Method": "GET",
      "Origin": "https://petstore.swagger.io",
      "Access-Control-Request-Private-Network": "true",
      "Sec-Fetch-Mode": "cors",
      "Sec-Fetch-Site": "cross-site",
      "Sec-Fetch-Dest": "empty"
    },
    "Body": "",
    "ContentType": null
  },
  "Response": {
    "DateTime": "2023-10-31T17:24:18.277+09:00",
    "DateTimeActionLevel": null,
    "Status": "404",
    "Headers": {},
    "Body": "",
    "ContentType": null
  },
  "Exception": {
    "IsActionLevel": false,
    "Source": null,
    "Message": null,
    "StackTrace": null
  }
}
{
  "LogId": "679eeb91-c96e-4efd-9670-ccb8bb5d460f",
  "Node": "DotNetWebAPI",
  "ClientIP": "",
  "TraceId": "0HMUPTAETS646:00000002",
  "Request": {
    "DateTime": "2023-10-31T17:24:53.107+09:00",
    "DateTimeActionLevel": "2023-10-31T17:24:53.1246225+09:00",
    "Path": "/WeatherForecast",
    "Query": "",
    "Queries": [],
    "Method": "GET",
    "Scheme": "http",
    "Host": "localhost:5000",
    "Headers": {
      "Accept": "text/html,application/xhtml+xml,application/xml;q=0.9,image/avif,image/webp,image/apng,*/*;q=0.8,application/signed-exchange;v=b3;q=0.7",
      "Connection": "keep-alive",
      "Host": "localhost:5000",
      "User-Agent": "Mozilla/5.0 (Windows NT 10.0; Win64; x64) AppleWebKit/537.36 (KHTML, like Gecko) Chrome/118.0.0.0 Safari/537.36",
      "Accept-Encoding": "gzip, deflate, br",
      "Accept-Language": "ko-KR,ko;q=0.9,en-US;q=0.8,en;q=0.7",
      "Upgrade-Insecure-Requests": "1",
      "sec-ch-ua": "\"Chromium\";v=\"118\", \"Google Chrome\";v=\"118\", \"Not=A?Brand\";v=\"99\"",
      "sec-ch-ua-mobile": "?0",
      "sec-ch-ua-platform": "\"Windows\"",
      "Sec-Fetch-Site": "none",
      "Sec-Fetch-Mode": "navigate",
      "Sec-Fetch-User": "?1",
      "Sec-Fetch-Dest": "document"
    },
    "Body": "",
    "ContentType": null
  },
  "Response": {
    "DateTime": "2023-10-31T17:24:53.178+09:00",
    "DateTimeActionLevel": "2023-10-31T17:24:53.126+09:00",
    "Status": "200",
    "Headers": {
      "Content-Type": "application/json; charset=utf-8",
      "Date": "Tue, 31 Oct 2023 08:24:52 GMT",
      "Server": "Kestrel",
      "Transfer-Encoding": "chunked"
    },
    "Body": "[{\"date\":\"2023-11-01\",\"temperatureC\":12,\"temperatureF\":53,\"summary\":\"Warm\"},{\"date\":\"2023-11-02\",\"temperatureC\":28,\"temperatureF\":82,\"summary\":\"Balmy\"},{\"date\":\"2023-11-03\",\"temperatureC\":10,\"temperatureF\":49,\"summary\":\"Balmy\"},{\"date\":\"2023-11-04\",\"temperatureC\":31,\"temperatureF\":87,\"summary\":\"Cool\"},{\"date\":\"2023-11-05\",\"temperatureC\":51,\"temperatureF\":123,\"summary\":\"Freezing\"}]",
    "ContentType": "application/json; charset=utf-8"
  },
  "Exception": {
    "IsActionLevel": false,
    "Source": null,
    "Message": null,
    "StackTrace": null
  }
}
{
  "LogId": "774046d5-18be-4343-a22d-144b37af59c4",
  "Node": "DotNetWebAPI",
  "ClientIP": "",
  "TraceId": "0HMUPTAETS64A:00000002",
  "Request": {
    "DateTime": "2023-10-31T17:25:01.258+09:00",
    "DateTimeActionLevel": null,
    "Path": "/WeatherForecast",
    "Query": "",
    "Queries": [],
    "Method": "OPTIONS",
    "Scheme": "http",
    "Host": "localhost:5000",
    "Headers": {
      "Accept": "*/*",
      "Connection": "keep-alive",
      "Host": "localhost:5000",
      "User-Agent": "Mozilla/5.0 (Windows NT 10.0; Win64; x64) AppleWebKit/537.36 (KHTML, like Gecko) Chrome/118.0.0.0 Safari/537.36",
      "Accept-Encoding": "gzip, deflate, br",
      "Accept-Language": "ko-KR,ko;q=0.9,en-US;q=0.8,en;q=0.7",
      "Access-Control-Request-Method": "GET",
      "Origin": "https://petstore.swagger.io",
      "Access-Control-Request-Private-Network": "true",
      "Sec-Fetch-Mode": "cors",
      "Sec-Fetch-Site": "cross-site",
      "Sec-Fetch-Dest": "empty"
    },
    "Body": "",
    "ContentType": null
  },
  "Response": {
    "DateTime": "2023-10-31T17:25:01.259+09:00",
    "DateTimeActionLevel": null,
    "Status": "405",
    "Headers": {
      "Allow": "GET"
    },
    "Body": "",
    "ContentType": null
  },
  "Exception": {
    "IsActionLevel": false,
    "Source": null,
    "Message": null,
    "StackTrace": null
  }
}
{
  "LogId": "7c09f850-f487-4310-bb13-b4a4ed1666c4",
  "Node": "DotNetWebAPI",
  "ClientIP": "",
  "TraceId": "0HMUPTAETS64C:00000001",
  "Request": {
    "DateTime": "2023-10-31T17:25:05.223+09:00",
    "DateTimeActionLevel": "2023-10-31T17:25:05.2246491+09:00",
    "Path": "/WeatherForecast",
    "Query": "",
    "Queries": [],
    "Method": "GET",
    "Scheme": "http",
    "Host": "localhost:5000",
    "Headers": {
      "Accept": "application/json,*/*",
      "Connection": "keep-alive",
      "Host": "localhost:5000",
      "User-Agent": "Mozilla/5.0 (Windows NT 10.0; Win64; x64) AppleWebKit/537.36 (KHTML, like Gecko) Chrome/118.0.0.0 Safari/537.36",
      "Accept-Encoding": "gzip, deflate, br",
      "Accept-Language": "ko-KR,ko;q=0.9,en-US;q=0.8,en;q=0.7",
      "Origin": "https://petstore.swagger.io",
      "sec-ch-ua": "\"Chromium\";v=\"118\", \"Google Chrome\";v=\"118\", \"Not=A?Brand\";v=\"99\"",
      "sec-ch-ua-mobile": "?0",
      "sec-ch-ua-platform": "\"Windows\"",
      "Sec-Fetch-Site": "cross-site",
      "Sec-Fetch-Mode": "cors",
      "Sec-Fetch-Dest": "empty"
    },
    "Body": "",
    "ContentType": null
  },
  "Response": {
    "DateTime": "2023-10-31T17:25:05.225+09:00",
    "DateTimeActionLevel": "2023-10-31T17:25:05.224+09:00",
    "Status": "200",
    "Headers": {
      "Content-Type": "application/json; charset=utf-8",
      "Date": "Tue, 31 Oct 2023 08:25:05 GMT",
      "Server": "Kestrel",
      "Transfer-Encoding": "chunked"
    },
    "Body": "[{\"date\":\"2023-11-01\",\"temperatureC\":23,\"temperatureF\":73,\"summary\":\"Mild\"},{\"date\":\"2023-11-02\",\"temperatureC\":-5,\"temperatureF\":24,\"summary\":\"Balmy\"},{\"date\":\"2023-11-03\",\"temperatureC\":48,\"temperatureF\":118,\"summary\":\"Warm\"},{\"date\":\"2023-11-04\",\"temperatureC\":-1,\"temperatureF\":31,\"summary\":\"Sweltering\"},{\"date\":\"2023-11-05\",\"temperatureC\":38,\"temperatureF\":100,\"summary\":\"Mild\"}]",
    "ContentType": "application/json; charset=utf-8"
  },
  "Exception": {
    "IsActionLevel": false,
    "Source": null,
    "Message": null,
    "StackTrace": null
  }
}
